<?xml version="1.0" encoding="UTF-8"?>
<!-- Generated by org.testng.reporters.JUnitXMLReporter -->
<testsuite hostname="ypreddy" ignored="2" name="default" tests="2" failures="0" timestamp="08 Dec 2019 10:52:25 GMT" time="0.145" errors="0">
  <testcase name="btestIT" time="0.035" classname="TestNg.groupsTestng"/>
  <testcase name="AtestIT1" time="0.006" classname="TestNg.groupsTestng"/>
  <testcase name="testIT2" time="0.0" classname="TestNg.groupsTestng">
    <ignored/>
  </testcase> <!-- testIT2 -->
  <testcase name="btestIT3" time="0.0" classname="TestNg.groupsTestng">
    <ignored/>
  </testcase> <!-- btestIT3 -->
</testsuite> <!-- default -->
