<?xml version="1.0" encoding="UTF-8"?>
<!-- Generated by org.testng.reporters.JUnitXMLReporter -->
<testsuite hostname="ypreddy" ignored="2" name="GroupsTest" tests="2" failures="0" timestamp="08 Dec 2019 10:43:20 GMT" time="0.135" errors="0">
  <testcase name="testIT2" time="0.032" classname="TestNg.groupsTestng"/>
  <testcase name="btestIT3" time="0.006" classname="TestNg.groupsTestng"/>
  <testcase name="AtestIT1" time="0.0" classname="TestNg.groupsTestng">
    <ignored/>
  </testcase> <!-- AtestIT1 -->
  <testcase name="btestIT" time="0.0" classname="TestNg.groupsTestng">
    <ignored/>
  </testcase> <!-- btestIT -->
</testsuite> <!-- GroupsTest -->
