<?xml version="1.0" encoding="UTF-8"?>
<testng-results skipped="0" failed="0" ignored="0" total="6" passed="6">
  <reporter-output>
  </reporter-output>
  <suite name="Default suite" duration-ms="350" started-at="2019-12-09T16:21:28Z" finished-at="2019-12-09T16:21:29Z">
    <groups>
    </groups>
    <test name="Default test" duration-ms="350" started-at="2019-12-09T16:21:28Z" finished-at="2019-12-09T16:21:29Z">
      <class name="TestNg.inncationcount">
        <test-method status="PASS" signature="InsertCard1()[pri:0, instance:TestNg.inncationcount@77caeb3e]" name="InsertCard1" duration-ms="37" started-at="2019-12-09T16:21:29Z" finished-at="2019-12-09T16:21:29Z">
          <reporter-output>
          </reporter-output>
        </test-method> <!-- InsertCard1 -->
        <test-method status="PASS" signature="InsertCard1()[pri:0, instance:TestNg.inncationcount@77caeb3e]" name="InsertCard1" duration-ms="11" started-at="2019-12-09T16:21:29Z" finished-at="2019-12-09T16:21:29Z">
          <reporter-output>
          </reporter-output>
        </test-method> <!-- InsertCard1 -->
        <test-method status="PASS" signature="InsertCard1()[pri:0, instance:TestNg.inncationcount@77caeb3e]" name="InsertCard1" duration-ms="34" started-at="2019-12-09T16:21:29Z" finished-at="2019-12-09T16:21:29Z">
          <reporter-output>
          </reporter-output>
        </test-method> <!-- InsertCard1 -->
        <test-method status="PASS" signature="InsertCard1()[pri:0, instance:TestNg.inncationcount@77caeb3e]" name="InsertCard1" duration-ms="28" started-at="2019-12-09T16:21:29Z" finished-at="2019-12-09T16:21:29Z">
          <reporter-output>
          </reporter-output>
        </test-method> <!-- InsertCard1 -->
        <test-method status="PASS" signature="Login()[pri:1, instance:TestNg.inncationcount@77caeb3e]" name="Login" duration-ms="19" started-at="2019-12-09T16:21:29Z" finished-at="2019-12-09T16:21:29Z">
          <reporter-output>
          </reporter-output>
        </test-method> <!-- Login -->
        <test-method status="PASS" signature="Password()[pri:2, instance:TestNg.inncationcount@77caeb3e]" name="Password" duration-ms="5" started-at="2019-12-09T16:21:29Z" finished-at="2019-12-09T16:21:29Z">
          <reporter-output>
          </reporter-output>
        </test-method> <!-- Password -->
      </class> <!-- TestNg.inncationcount -->
    </test> <!-- Default test -->
  </suite> <!-- Default suite -->
</testng-results>
